2016-11-30 14:04:35.279+0000 INFO  [o.n.k.i.f.CommunityFacadeFactory] No locking implementation specified, defaulting to 'community'
2016-11-30 14:04:35.280+0000 INFO  [o.n.k.AvailabilityGuard] Requirement makes database unavailable: Database available
2016-11-30 14:04:35.283+0000 INFO  [o.n.k.i.DiagnosticsManager] --- INITIALIZED diagnostics START ---
2016-11-30 14:04:35.283+0000 INFO  [o.n.k.i.DiagnosticsManager] Neo4j Kernel properties:
2016-11-30 14:04:35.283+0000 INFO  [o.n.k.i.DiagnosticsManager] dbms.connector.0.address=localhost:7687
2016-11-30 14:04:35.283+0000 INFO  [o.n.k.i.DiagnosticsManager] unsupported.dbms.edition=community
2016-11-30 14:04:35.283+0000 INFO  [o.n.k.i.DiagnosticsManager] unsupported.dbms.directories.neo4j_home=/Development/SimpleMSA/gen/graph_db/graph_editor
2016-11-30 14:04:35.283+0000 INFO  [o.n.k.i.DiagnosticsManager] dbms.connector.0.enabled=true
2016-11-30 14:04:35.283+0000 INFO  [o.n.k.i.DiagnosticsManager] unsupported.dbms.ephemeral=false
2016-11-30 14:04:35.283+0000 INFO  [o.n.k.i.DiagnosticsManager] Diagnostics providers:
2016-11-30 14:04:35.283+0000 INFO  [o.n.k.i.DiagnosticsManager] org.neo4j.kernel.configuration.Config
2016-11-30 14:04:35.283+0000 INFO  [o.n.k.i.DiagnosticsManager] org.neo4j.kernel.info.DiagnosticsManager
2016-11-30 14:04:35.283+0000 INFO  [o.n.k.i.DiagnosticsManager] SYSTEM_MEMORY
2016-11-30 14:04:35.283+0000 INFO  [o.n.k.i.DiagnosticsManager] JAVA_MEMORY
2016-11-30 14:04:35.283+0000 INFO  [o.n.k.i.DiagnosticsManager] OPERATING_SYSTEM
2016-11-30 14:04:35.283+0000 INFO  [o.n.k.i.DiagnosticsManager] JAVA_VIRTUAL_MACHINE
2016-11-30 14:04:35.283+0000 INFO  [o.n.k.i.DiagnosticsManager] CLASSPATH
2016-11-30 14:04:35.283+0000 INFO  [o.n.k.i.DiagnosticsManager] LIBRARY_PATH
2016-11-30 14:04:35.283+0000 INFO  [o.n.k.i.DiagnosticsManager] SYSTEM_PROPERTIES
2016-11-30 14:04:35.283+0000 INFO  [o.n.k.i.DiagnosticsManager] NETWORK
2016-11-30 14:04:35.283+0000 INFO  [o.n.k.i.DiagnosticsManager] System memory information:
2016-11-30 14:04:35.283+0000 INFO  [o.n.k.i.DiagnosticsManager] Total Physical memory: 16,00 GB
2016-11-30 14:04:35.283+0000 INFO  [o.n.k.i.DiagnosticsManager] Free Physical memory: 6,60 GB
2016-11-30 14:04:35.283+0000 INFO  [o.n.k.i.DiagnosticsManager] Committed virtual memory: 6,19 GB
2016-11-30 14:04:35.283+0000 INFO  [o.n.k.i.DiagnosticsManager] Total swap space: 2,00 GB
2016-11-30 14:04:35.284+0000 INFO  [o.n.k.i.DiagnosticsManager] Free swap space: 1,15 GB
2016-11-30 14:04:35.284+0000 INFO  [o.n.k.i.DiagnosticsManager] JVM memory information:
2016-11-30 14:04:35.284+0000 INFO  [o.n.k.i.DiagnosticsManager] Free  memory: 87,11 MB
2016-11-30 14:04:35.284+0000 INFO  [o.n.k.i.DiagnosticsManager] Total memory: 446,92 MB
2016-11-30 14:04:35.284+0000 INFO  [o.n.k.i.DiagnosticsManager] Max   memory: 725,00 MB
2016-11-30 14:04:35.284+0000 INFO  [o.n.k.i.DiagnosticsManager] Garbage Collector: ParNew: [Par Eden Space, Par Survivor Space]
2016-11-30 14:04:35.284+0000 INFO  [o.n.k.i.DiagnosticsManager] Garbage Collector: ConcurrentMarkSweep: [Par Eden Space, Par Survivor Space, CMS Old Gen]
2016-11-30 14:04:35.284+0000 INFO  [o.n.k.i.DiagnosticsManager] Memory Pool: Code Cache (Non-heap memory): committed=79,50 MB, used=79,01 MB, max=240,00 MB, threshold=235,00 MB
2016-11-30 14:04:35.284+0000 INFO  [o.n.k.i.DiagnosticsManager] Memory Pool: Metaspace (Non-heap memory): committed=232,74 MB, used=220,12 MB, max=-1,00 B, threshold=0,00 B
2016-11-30 14:04:35.284+0000 INFO  [o.n.k.i.DiagnosticsManager] Memory Pool: Compressed Class Space (Non-heap memory): committed=34,99 MB, used=31,90 MB, max=1,00 GB, threshold=0,00 B
2016-11-30 14:04:35.284+0000 INFO  [o.n.k.i.DiagnosticsManager] Memory Pool: Par Eden Space (Heap memory): committed=34,13 MB, used=5,36 MB, max=200,00 MB, threshold=?
2016-11-30 14:04:35.284+0000 INFO  [o.n.k.i.DiagnosticsManager] Memory Pool: Par Survivor Space (Heap memory): committed=4,25 MB, used=4,25 MB, max=25,00 MB, threshold=?
2016-11-30 14:04:35.284+0000 INFO  [o.n.k.i.DiagnosticsManager] Memory Pool: CMS Old Gen (Heap memory): committed=408,54 MB, used=350,19 MB, max=500,00 MB, threshold=495,00 MB
2016-11-30 14:04:35.284+0000 INFO  [o.n.k.i.DiagnosticsManager] Operating system information:
2016-11-30 14:04:35.284+0000 INFO  [o.n.k.i.DiagnosticsManager] Operating System: Mac OS X; version: 10.12.1; arch: x86_64; cpus: 8
2016-11-30 14:04:35.284+0000 INFO  [o.n.k.i.DiagnosticsManager] Max number of file descriptors: 10240
2016-11-30 14:04:35.285+0000 INFO  [o.n.k.i.DiagnosticsManager] Number of open file descriptors: 322
2016-11-30 14:04:35.721+0000 INFO  [o.n.k.i.DiagnosticsManager] Process id: 32859@macbook-pro.local
2016-11-30 14:04:35.721+0000 INFO  [o.n.k.i.DiagnosticsManager] Byte order: LITTLE_ENDIAN
2016-11-30 14:04:35.721+0000 INFO  [o.n.k.i.DiagnosticsManager] Local timezone: Europe/Berlin
2016-11-30 14:04:35.721+0000 INFO  [o.n.k.i.DiagnosticsManager] JVM information:
2016-11-30 14:04:35.722+0000 INFO  [o.n.k.i.DiagnosticsManager] VM Name: OpenJDK 64-Bit Server VM
2016-11-30 14:04:35.722+0000 INFO  [o.n.k.i.DiagnosticsManager] VM Vendor: JetBrains s.r.o
2016-11-30 14:04:35.722+0000 INFO  [o.n.k.i.DiagnosticsManager] VM Version: 25.112-b2
2016-11-30 14:04:35.722+0000 INFO  [o.n.k.i.DiagnosticsManager] JIT compiler: HotSpot 64-Bit Tiered Compilers
2016-11-30 14:04:35.722+0000 INFO  [o.n.k.i.DiagnosticsManager] VM Arguments: [-Dfile.encoding=UTF-8, -XX:+UseConcMarkSweepGC, -XX:SoftRefLRUPolicyMSPerMB=50, -ea, -Dsun.io.useCanonCaches=false, -Djava.net.preferIPv4Stack=true, -XX:+HeapDumpOnOutOfMemoryError, -XX:-OmitStackTraceInFastThrow, -Xverify:none, -XX:ErrorFile=/Users/thomasbuning/java_error_in_idea_%p.log, -XX:HeapDumpPath=/Users/thomasbuning/java_error_in_idea.hprof, -Xbootclasspath/a:../lib/boot.jar, -Xms128m, -Xmx750m, -XX:ReservedCodeCacheSize=240m, -XX:+UseCompressedOops, -Duser.name=Thomas Buning, -Djb.vmOptionsFile=/Applications/IntelliJ IDEA.app/Contents/bin/idea.vmoptions, -Didea.java.redist=jdk-bundled, -Didea.home.path=/Applications/IntelliJ IDEA.app/Contents, -Didea.executable=idea, -Didea.paths.selector=IntelliJIdea2016.3]
2016-11-30 14:04:35.722+0000 INFO  [o.n.k.i.DiagnosticsManager] Java classpath:
2016-11-30 14:04:35.723+0000 INFO  [o.n.k.i.DiagnosticsManager]  [bootstrap] /Applications/IntelliJ IDEA.app/Contents/jdk/Contents/Home/jre/lib/charsets.jar
2016-11-30 14:04:35.723+0000 INFO  [o.n.k.i.DiagnosticsManager]  [bootstrap] /Applications/IntelliJ IDEA.app/Contents/jdk/Contents/Home/jre/lib/jsse.jar
2016-11-30 14:04:35.723+0000 INFO  [o.n.k.i.DiagnosticsManager]  [classpath] /Applications/IntelliJ IDEA.app/Contents/lib/jna.jar
2016-11-30 14:04:35.723+0000 INFO  [o.n.k.i.DiagnosticsManager]  [bootstrap] /Applications/IntelliJ IDEA.app/Contents/lib/boot.jar
2016-11-30 14:04:35.723+0000 INFO  [o.n.k.i.DiagnosticsManager]  [bootstrap] /Applications/IntelliJ IDEA.app/Contents/jdk/Contents/Home/jre/lib/rt.jar
2016-11-30 14:04:35.723+0000 INFO  [o.n.k.i.DiagnosticsManager]  [bootstrap] /Applications/IntelliJ IDEA.app/Contents/jdk/Contents/Home/jre/classes
2016-11-30 14:04:35.723+0000 INFO  [o.n.k.i.DiagnosticsManager]  [classpath] /Applications/IntelliJ IDEA.app/Contents/lib/trove4j.jar
2016-11-30 14:04:35.723+0000 INFO  [o.n.k.i.DiagnosticsManager]  [classpath] /Applications/IntelliJ IDEA.app/Contents/jdk/Contents/Home/lib/tools.jar
2016-11-30 14:04:35.723+0000 INFO  [o.n.k.i.DiagnosticsManager]  [classpath] /Applications/IntelliJ IDEA.app/Contents/lib/jdom.jar
2016-11-30 14:04:35.723+0000 INFO  [o.n.k.i.DiagnosticsManager]  [bootstrap] /Applications/IntelliJ IDEA.app/Contents/jdk/Contents/Home/jre/lib/sunrsasign.jar
2016-11-30 14:04:35.723+0000 INFO  [o.n.k.i.DiagnosticsManager]  [bootstrap] /Applications/IntelliJ IDEA.app/Contents/jdk/Contents/Home/jre/lib/jfr.jar
2016-11-30 14:04:35.723+0000 INFO  [o.n.k.i.DiagnosticsManager]  [classpath] /Applications/IntelliJ IDEA.app/Contents/lib/extensions.jar
2016-11-30 14:04:35.723+0000 INFO  [o.n.k.i.DiagnosticsManager]  [bootstrap] /Applications/IntelliJ IDEA.app/Contents/jdk/Contents/Home/jre/lib/jce.jar
2016-11-30 14:04:35.723+0000 INFO  [o.n.k.i.DiagnosticsManager]  [bootstrap] /Applications/IntelliJ IDEA.app/Contents/jdk/Contents/Home/jre/lib/resources.jar
2016-11-30 14:04:35.723+0000 INFO  [o.n.k.i.DiagnosticsManager]  [classpath] /Applications/IntelliJ IDEA.app/Contents/lib/log4j.jar
2016-11-30 14:04:35.723+0000 INFO  [o.n.k.i.DiagnosticsManager]  [classpath] /Applications/IntelliJ IDEA.app/Contents/lib/util.jar
2016-11-30 14:04:35.723+0000 INFO  [o.n.k.i.DiagnosticsManager]  [classpath] /Applications/IntelliJ IDEA.app/Contents/lib/bootstrap.jar
2016-11-30 14:04:35.723+0000 INFO  [o.n.k.i.DiagnosticsManager] Library path:
2016-11-30 14:04:35.723+0000 INFO  [o.n.k.i.DiagnosticsManager] /Users/thomasbuning/Library/Java/Extensions
2016-11-30 14:04:35.723+0000 INFO  [o.n.k.i.DiagnosticsManager] /Library/Java/Extensions
2016-11-30 14:04:35.723+0000 INFO  [o.n.k.i.DiagnosticsManager] /Network/Library/Java/Extensions
2016-11-30 14:04:35.723+0000 INFO  [o.n.k.i.DiagnosticsManager] /System/Library/Java/Extensions
2016-11-30 14:04:35.723+0000 INFO  [o.n.k.i.DiagnosticsManager] /usr/lib/java
2016-11-30 14:04:35.723+0000 INFO  [o.n.k.i.DiagnosticsManager] /Applications/IntelliJ IDEA.app/Contents/bin
2016-11-30 14:04:35.723+0000 INFO  [o.n.k.i.DiagnosticsManager] System.properties:
2016-11-30 14:04:35.723+0000 INFO  [o.n.k.i.DiagnosticsManager] com.apple.mrj.application.live-resize = false
2016-11-30 14:04:35.723+0000 INFO  [o.n.k.i.DiagnosticsManager] idea.executable = idea
2016-11-30 14:04:35.723+0000 INFO  [o.n.k.i.DiagnosticsManager] sun.nio.ch.bugLevel = 
2016-11-30 14:04:35.723+0000 INFO  [o.n.k.i.DiagnosticsManager] sun.management.compiler = HotSpot 64-Bit Tiered Compilers
2016-11-30 14:04:35.723+0000 INFO  [o.n.k.i.DiagnosticsManager] idea.paths.selector = IntelliJIdea2016.3
2016-11-30 14:04:35.723+0000 INFO  [o.n.k.i.DiagnosticsManager] jnidispatch.path = /Users/thomasbuning/Library/Caches/IntelliJIdea2016.3/tmp/jna5371484253213882830.tmp
2016-11-30 14:04:35.723+0000 INFO  [o.n.k.i.DiagnosticsManager] jna.loaded = true
2016-11-30 14:04:35.723+0000 INFO  [o.n.k.i.DiagnosticsManager] jb.vmOptionsFile = /Applications/IntelliJ IDEA.app/Contents/bin/idea.vmoptions
2016-11-30 14:04:35.723+0000 INFO  [o.n.k.i.DiagnosticsManager] io.netty.serviceThreadPrefix = Netty 
2016-11-30 14:04:35.723+0000 INFO  [o.n.k.i.DiagnosticsManager] idea.java.redist = jdk-bundled
2016-11-30 14:04:35.723+0000 INFO  [o.n.k.i.DiagnosticsManager] user.name = Thomas Buning
2016-11-30 14:04:35.723+0000 INFO  [o.n.k.i.DiagnosticsManager] sun.java2d.pmoffscreen = false
2016-11-30 14:04:35.723+0000 INFO  [o.n.k.i.DiagnosticsManager] apple.awt.fullscreencapturealldisplays = false
2016-11-30 14:04:35.723+0000 INFO  [o.n.k.i.DiagnosticsManager] idea.home.path = /Applications/IntelliJ IDEA.app/Contents
2016-11-30 14:04:35.723+0000 INFO  [o.n.k.i.DiagnosticsManager] user.language = de
2016-11-30 14:04:35.723+0000 INFO  [o.n.k.i.DiagnosticsManager] sun.boot.library.path = /Applications/IntelliJ IDEA.app/Contents/jdk/Contents/Home/jre/lib
2016-11-30 14:04:35.723+0000 INFO  [o.n.k.i.DiagnosticsManager] jna.nosys = true
2016-11-30 14:04:35.723+0000 INFO  [o.n.k.i.DiagnosticsManager] idea.fatal.error.notification = disabled
2016-11-30 14:04:35.723+0000 INFO  [o.n.k.i.DiagnosticsManager] idea.registered = true
2016-11-30 14:04:35.723+0000 INFO  [o.n.k.i.DiagnosticsManager] apple.awt.fileDialogForDirectories = true
2016-11-30 14:04:35.723+0000 INFO  [o.n.k.i.DiagnosticsManager] sun.io.useCanonCaches = false
2016-11-30 14:04:35.723+0000 INFO  [o.n.k.i.DiagnosticsManager] CVS_PASSFILE = ~/.cvspass
2016-11-30 14:04:35.723+0000 INFO  [o.n.k.i.DiagnosticsManager] swing.bufferPerWindow = false
2016-11-30 14:04:35.723+0000 INFO  [o.n.k.i.DiagnosticsManager] user.timezone = Europe/Berlin
2016-11-30 14:04:35.723+0000 INFO  [o.n.k.i.DiagnosticsManager] sun.arch.data.model = 64
2016-11-30 14:04:35.723+0000 INFO  [o.n.k.i.DiagnosticsManager] jna.tmpdir = /Users/thomasbuning/Library/Caches/IntelliJIdea2016.3/tmp
2016-11-30 14:04:35.723+0000 INFO  [o.n.k.i.DiagnosticsManager] http.nonProxyHosts = local|*.local|169.254/16|*.169.254/16
2016-11-30 14:04:35.723+0000 INFO  [o.n.k.i.DiagnosticsManager] apple.awt.UIElement = true
2016-11-30 14:04:35.723+0000 INFO  [o.n.k.i.DiagnosticsManager] sun.cpu.isalist = 
2016-11-30 14:04:35.723+0000 INFO  [o.n.k.i.DiagnosticsManager] sun.jnu.encoding = UTF-8
2016-11-30 14:04:35.723+0000 INFO  [o.n.k.i.DiagnosticsManager] file.encoding.pkg = sun.io
2016-11-30 14:04:35.723+0000 INFO  [o.n.k.i.DiagnosticsManager] file.separator = /
2016-11-30 14:04:35.723+0000 INFO  [o.n.k.i.DiagnosticsManager] user.country = DE
2016-11-30 14:04:35.723+0000 INFO  [o.n.k.i.DiagnosticsManager] sun.awt.noerasebackground = true
2016-11-30 14:04:35.723+0000 INFO  [o.n.k.i.DiagnosticsManager] sun.font.fontmanager = sun.font.CFontManager
2016-11-30 14:04:35.723+0000 INFO  [o.n.k.i.DiagnosticsManager] path.separator = :
2016-11-30 14:04:35.723+0000 INFO  [o.n.k.i.DiagnosticsManager] idea.smooth.progress = false
2016-11-30 14:04:35.723+0000 INFO  [o.n.k.i.DiagnosticsManager] idea.no.launcher = false
2016-11-30 14:04:35.723+0000 INFO  [o.n.k.i.DiagnosticsManager] sun.awt.enableExtraMouseButtons = true
2016-11-30 14:04:35.723+0000 INFO  [o.n.k.i.DiagnosticsManager] sun.io.unicode.encoding = UnicodeBig
2016-11-30 14:04:35.723+0000 INFO  [o.n.k.i.DiagnosticsManager] awt.toolkit = sun.lwawt.macosx.LWCToolkit
2016-11-30 14:04:35.723+0000 INFO  [o.n.k.i.DiagnosticsManager] idea.cycle.buffer.size = 1024
2016-11-30 14:04:35.723+0000 INFO  [o.n.k.i.DiagnosticsManager] socksNonProxyHosts = local|*.local|169.254/16|*.169.254/16
2016-11-30 14:04:35.723+0000 INFO  [o.n.k.i.DiagnosticsManager] io.netty.processId = 6952
2016-11-30 14:04:35.723+0000 INFO  [o.n.k.i.DiagnosticsManager] log4j.defaultInitOverride = true
2016-11-30 14:04:35.724+0000 INFO  [o.n.k.i.DiagnosticsManager] ftp.nonProxyHosts = local|*.local|169.254/16|*.169.254/16
2016-11-30 14:04:35.724+0000 INFO  [o.n.k.i.DiagnosticsManager] sun.awt.exception.handler = com.intellij.openapi.application.impl.AWTExceptionHandler
2016-11-30 14:04:35.724+0000 INFO  [o.n.k.i.DiagnosticsManager] user.home = /Users/thomasbuning
2016-11-30 14:04:35.724+0000 INFO  [o.n.k.i.DiagnosticsManager] idea.dynamic.classpath = false
2016-11-30 14:04:35.724+0000 INFO  [o.n.k.i.DiagnosticsManager] __idea.mac.env.lock = unlocked
2016-11-30 14:04:35.724+0000 INFO  [o.n.k.i.DiagnosticsManager] apple.laf.useScreenMenuBar = true
2016-11-30 14:04:35.724+0000 INFO  [o.n.k.i.DiagnosticsManager] jna.encoding = UTF8
2016-11-30 14:04:35.724+0000 INFO  [o.n.k.i.DiagnosticsManager] gopherProxySet = false
2016-11-30 14:04:35.724+0000 INFO  [o.n.k.i.DiagnosticsManager] io.netty.machineId = 9e43d860
2016-11-30 14:04:35.724+0000 INFO  [o.n.k.i.DiagnosticsManager] sun.java2d.noddraw = true
2016-11-30 14:04:35.724+0000 INFO  [o.n.k.i.DiagnosticsManager] idea.xdebug.key = -Xdebug
2016-11-30 14:04:35.724+0000 INFO  [o.n.k.i.DiagnosticsManager] idea.popup.weight = heavy
2016-11-30 14:04:35.724+0000 INFO  [o.n.k.i.DiagnosticsManager] sun.cpu.endian = little
2016-11-30 14:04:35.724+0000 INFO  [o.n.k.i.DiagnosticsManager] sun.os.patch.level = unknown
2016-11-30 14:04:35.724+0000 INFO  [o.n.k.i.DiagnosticsManager] jna.platform.library.path = /usr/lib:/usr/lib
2016-11-30 14:04:35.724+0000 INFO  [o.n.k.i.DiagnosticsManager] idea.max.intellisense.filesize = 2500
2016-11-30 14:04:35.724+0000 INFO  [o.n.k.i.DiagnosticsManager] idea.jre.check = true
2016-11-30 14:04:35.724+0000 INFO  [o.n.k.i.DiagnosticsManager] user.dir = /Applications/IntelliJ IDEA.app/Contents/bin
2016-11-30 14:04:35.724+0000 INFO  [o.n.k.i.DiagnosticsManager] apple.awt.graphics.UseQuartz = true
2016-11-30 14:04:35.724+0000 INFO  [o.n.k.i.DiagnosticsManager] file.encoding = UTF-8
2016-11-30 14:04:35.724+0000 INFO  [o.n.k.i.DiagnosticsManager] sun.java2d.d3d = false
2016-11-30 14:04:35.724+0000 INFO  [o.n.k.i.DiagnosticsManager] Network information:
2016-11-30 14:04:35.724+0000 INFO  [o.n.k.i.DiagnosticsManager] Interface en0:
2016-11-30 14:04:35.724+0000 INFO  [o.n.k.i.DiagnosticsManager]     address: 192.168.0.11
2016-11-30 14:04:35.724+0000 INFO  [o.n.k.i.DiagnosticsManager] Interface lo0:
2016-11-30 14:04:35.724+0000 INFO  [o.n.k.i.DiagnosticsManager]     address: 127.0.0.1
2016-11-30 14:04:35.724+0000 INFO  [o.n.k.i.DiagnosticsManager] --- INITIALIZED diagnostics END ---
2016-11-30 14:04:35.725+0000 INFO  [o.n.b.v.r.Sessions] No SSL certificate found, generating a self-signed certificate..
2016-11-30 14:04:36.058+0000 INFO  [o.n.b.v.r.Sessions] Bolt Server extension loaded.
2016-11-30 14:04:36.058+0000 INFO  [o.n.b.v.r.Sessions] Bolt enabled on localhost:7687.
2016-11-30 14:04:36.061+0000 INFO  [o.n.k.i.s.f.RecordFormatSelector] Selected format 'RecordFormat:StandardV3_0[v0.A.7]' for the new store
2016-11-30 14:04:36.091+0000 INFO  [o.n.k.a.i.l.LuceneLabelScanStore] No lucene scan store index found, this might just be first use. Preparing to rebuild.
2016-11-30 14:04:36.095+0000 INFO  [o.n.k.NeoStoreDataSource] Opened logical log [/Development/SimpleMSA/gen/graph_db/graph_editor/neostore.transaction.db.0] version=0, lastTxId=1 (clean)
2016-11-30 14:04:36.098+0000 WARN  [o.n.k.i.s.MetaDataStore] Missing counts store, rebuilding it.
2016-11-30 14:04:36.182+0000 INFO  [o.n.k.a.i.l.LuceneLabelScanStore] Rebuilding lucene scan store, this may take a while
2016-11-30 14:04:36.186+0000 INFO  [o.n.k.a.i.l.LuceneLabelScanStore] Lucene scan store rebuilt (roughly 0 nodes)
2016-11-30 14:04:36.186+0000 INFO  [o.n.k.i.DatabaseHealth] Database health set to OK
2016-11-30 14:04:36.189+0000 INFO  [o.n.k.AvailabilityGuard] Fulfilling of requirement makes database available: Database available
2016-11-30 14:04:36.189+0000 INFO  [o.n.k.i.f.CommunityFacadeFactory] Database is now ready
2016-11-30 14:04:36.189+0000 INFO  [o.n.k.i.DiagnosticsManager] --- STARTED diagnostics for KernelDiagnostics:Versions START ---
2016-11-30 14:04:36.189+0000 INFO  [o.n.k.i.DiagnosticsManager] Graph Database: community single StoreId{creationTime=1480514676088, randomId=7274708939109067608, storeVersion=15531981201765894, upgradeTime=1480514676088, upgradeId=1}
2016-11-30 14:04:36.189+0000 INFO  [o.n.k.i.DiagnosticsManager] Kernel version: 3.0.6,66df41d1018f54ccd67d7d384e87abae0468bcdb
2016-11-30 14:04:36.189+0000 INFO  [o.n.k.i.DiagnosticsManager] --- STARTED diagnostics for KernelDiagnostics:Versions END ---
2016-11-30 14:04:36.189+0000 INFO  [o.n.k.i.DiagnosticsManager] --- STARTED diagnostics for NEO_STORE_VERSIONS START ---
2016-11-30 14:04:36.189+0000 INFO  [o.n.k.i.DiagnosticsManager] Store versions:
2016-11-30 14:04:36.190+0000 INFO  [o.n.k.i.DiagnosticsManager] Store versions:
2016-11-30 14:04:36.190+0000 INFO  [o.n.k.i.DiagnosticsManager]   ArrayPropertyStore v0.A.7
2016-11-30 14:04:36.190+0000 INFO  [o.n.k.i.DiagnosticsManager]   NodeStore v0.A.7
2016-11-30 14:04:36.190+0000 INFO  [o.n.k.i.DiagnosticsManager]   StringPropertyStore v0.A.7
2016-11-30 14:04:36.190+0000 INFO  [o.n.k.i.DiagnosticsManager]   PropertyIndexStore v0.A.7
2016-11-30 14:04:36.190+0000 INFO  [o.n.k.i.DiagnosticsManager]   StringPropertyStore v0.A.7
2016-11-30 14:04:36.190+0000 INFO  [o.n.k.i.DiagnosticsManager]   ArrayPropertyStore v0.A.7
2016-11-30 14:04:36.190+0000 INFO  [o.n.k.i.DiagnosticsManager]   PropertyStore v0.A.7
2016-11-30 14:04:36.190+0000 INFO  [o.n.k.i.DiagnosticsManager]   RelationshipStore v0.A.7
2016-11-30 14:04:36.190+0000 INFO  [o.n.k.i.DiagnosticsManager]   StringPropertyStore v0.A.7
2016-11-30 14:04:36.190+0000 INFO  [o.n.k.i.DiagnosticsManager]   RelationshipTypeStore v0.A.7
2016-11-30 14:04:36.190+0000 INFO  [o.n.k.i.DiagnosticsManager]   StringPropertyStore v0.A.7
2016-11-30 14:04:36.190+0000 INFO  [o.n.k.i.DiagnosticsManager]   LabelTokenStore v0.A.7
2016-11-30 14:04:36.190+0000 INFO  [o.n.k.i.DiagnosticsManager]   SchemaStore v0.A.7
2016-11-30 14:04:36.190+0000 INFO  [o.n.k.i.DiagnosticsManager]   RelationshipGroupStore v0.A.7
2016-11-30 14:04:36.190+0000 INFO  [o.n.k.i.DiagnosticsManager]   NeoStore v0.A.7
2016-11-30 14:04:36.190+0000 INFO  [o.n.k.i.DiagnosticsManager] --- STARTED diagnostics for NEO_STORE_VERSIONS END ---
2016-11-30 14:04:36.190+0000 INFO  [o.n.k.i.DiagnosticsManager] --- STARTED diagnostics for NEO_STORE_ID_USAGE START ---
2016-11-30 14:04:36.190+0000 INFO  [o.n.k.i.DiagnosticsManager] Id usage:
2016-11-30 14:04:36.190+0000 INFO  [o.n.k.i.DiagnosticsManager] Id usage:
2016-11-30 14:04:36.190+0000 INFO  [o.n.k.i.DiagnosticsManager]   ArrayPropertyStore: used=1 high=0
2016-11-30 14:04:36.190+0000 INFO  [o.n.k.i.DiagnosticsManager]   NodeStore: used=0 high=-1
2016-11-30 14:04:36.190+0000 INFO  [o.n.k.i.DiagnosticsManager]   StringPropertyStore: used=1 high=0
2016-11-30 14:04:36.190+0000 INFO  [o.n.k.i.DiagnosticsManager]   PropertyIndexStore: used=0 high=-1
2016-11-30 14:04:36.190+0000 INFO  [o.n.k.i.DiagnosticsManager]   StringPropertyStore: used=1 high=0
2016-11-30 14:04:36.190+0000 INFO  [o.n.k.i.DiagnosticsManager]   ArrayPropertyStore: used=1 high=0
2016-11-30 14:04:36.190+0000 INFO  [o.n.k.i.DiagnosticsManager]   PropertyStore: used=0 high=-1
2016-11-30 14:04:36.190+0000 INFO  [o.n.k.i.DiagnosticsManager]   RelationshipStore: used=0 high=-1
2016-11-30 14:04:36.190+0000 INFO  [o.n.k.i.DiagnosticsManager]   StringPropertyStore: used=1 high=0
2016-11-30 14:04:36.191+0000 INFO  [o.n.k.i.DiagnosticsManager]   RelationshipTypeStore: used=0 high=-1
2016-11-30 14:04:36.191+0000 INFO  [o.n.k.i.DiagnosticsManager]   StringPropertyStore: used=1 high=0
2016-11-30 14:04:36.191+0000 INFO  [o.n.k.i.DiagnosticsManager]   LabelTokenStore: used=0 high=-1
2016-11-30 14:04:36.191+0000 INFO  [o.n.k.i.DiagnosticsManager]   SchemaStore: used=1 high=0
2016-11-30 14:04:36.191+0000 INFO  [o.n.k.i.DiagnosticsManager]   RelationshipGroupStore: used=1 high=0
2016-11-30 14:04:36.191+0000 INFO  [o.n.k.i.DiagnosticsManager]   NeoStore: used=15 high=14
2016-11-30 14:04:36.191+0000 INFO  [o.n.k.i.DiagnosticsManager] --- STARTED diagnostics for NEO_STORE_ID_USAGE END ---
2016-11-30 14:04:36.191+0000 INFO  [o.n.k.i.DiagnosticsManager] --- STARTED diagnostics for NEO_STORE_RECORDS START ---
2016-11-30 14:04:36.191+0000 INFO  [o.n.k.i.DiagnosticsManager] Neostore records:
2016-11-30 14:04:36.191+0000 INFO  [o.n.k.i.DiagnosticsManager] TIME (Creation time): 1480514676088
2016-11-30 14:04:36.191+0000 INFO  [o.n.k.i.DiagnosticsManager] RANDOM_NUMBER (Random number for store id): 7274708939109067608
2016-11-30 14:04:36.191+0000 INFO  [o.n.k.i.DiagnosticsManager] LOG_VERSION (Current log version): 0
2016-11-30 14:04:36.191+0000 INFO  [o.n.k.i.DiagnosticsManager] LAST_TRANSACTION_ID (Last committed transaction): 1
2016-11-30 14:04:36.191+0000 INFO  [o.n.k.i.DiagnosticsManager] STORE_VERSION (Store format version): 15531981201765894
2016-11-30 14:04:36.191+0000 INFO  [o.n.k.i.DiagnosticsManager] FIRST_GRAPH_PROPERTY (First property record containing graph properties): -1
2016-11-30 14:04:36.191+0000 INFO  [o.n.k.i.DiagnosticsManager] LAST_CONSTRAINT_TRANSACTION (Last committed transaction containing constraint changes): 0
2016-11-30 14:04:36.191+0000 INFO  [o.n.k.i.DiagnosticsManager] UPGRADE_TRANSACTION_ID (Transaction id most recent upgrade was performed at): 1
2016-11-30 14:04:36.191+0000 INFO  [o.n.k.i.DiagnosticsManager] UPGRADE_TIME (Time of last upgrade): 1480514676088
2016-11-30 14:04:36.191+0000 INFO  [o.n.k.i.DiagnosticsManager] LAST_TRANSACTION_CHECKSUM (Checksum of last committed transaction): 0
2016-11-30 14:04:36.191+0000 INFO  [o.n.k.i.DiagnosticsManager] UPGRADE_TRANSACTION_CHECKSUM (Checksum of transaction id the most recent upgrade was performed at): 0
2016-11-30 14:04:36.192+0000 INFO  [o.n.k.i.DiagnosticsManager] LAST_CLOSED_TRANSACTION_LOG_VERSION (Log version where the last transaction commit entry has been written into): 0
2016-11-30 14:04:36.192+0000 INFO  [o.n.k.i.DiagnosticsManager] LAST_CLOSED_TRANSACTION_LOG_BYTE_OFFSET (Byte offset in the log file where the last transaction commit entry has been written into): 16
2016-11-30 14:04:36.192+0000 INFO  [o.n.k.i.DiagnosticsManager] LAST_TRANSACTION_COMMIT_TIMESTAMP (Commit time timestamp for last committed transaction): 0
2016-11-30 14:04:36.192+0000 INFO  [o.n.k.i.DiagnosticsManager] UPGRADE_TRANSACTION_COMMIT_TIMESTAMP (Commit timestamp of transaction the most recent upgrade was performed at): 0
2016-11-30 14:04:36.192+0000 INFO  [o.n.k.i.DiagnosticsManager] --- STARTED diagnostics for NEO_STORE_RECORDS END ---
2016-11-30 14:04:36.192+0000 INFO  [o.n.k.i.DiagnosticsManager] --- STARTED diagnostics for TRANSACTION_RANGE START ---
2016-11-30 14:04:36.192+0000 INFO  [o.n.k.i.DiagnosticsManager] Transaction log:
2016-11-30 14:04:36.192+0000 INFO  [o.n.k.i.DiagnosticsManager] No transactions found in any log
2016-11-30 14:04:36.192+0000 INFO  [o.n.k.i.DiagnosticsManager] --- STARTED diagnostics for TRANSACTION_RANGE END ---
2016-11-30 14:04:36.192+0000 INFO  [o.n.k.i.DiagnosticsManager] --- STARTED diagnostics for KernelDiagnostics:StoreFiles START ---
2016-11-30 14:04:36.193+0000 INFO  [o.n.k.i.DiagnosticsManager] Disk space on partition (Total / Free / Free %): 249769230336 / 91284586496 / 36
Storage files: (filename : modification date - size)
2016-11-30 14:04:36.193+0000 INFO  [o.n.k.i.DiagnosticsManager]   certificates:
2016-11-30 14:04:36.193+0000 INFO  [o.n.k.i.DiagnosticsManager]     neo4j.cert: 2016-11-30T15:04:36+0100 - 985,00 B
2016-11-30 14:04:36.193+0000 INFO  [o.n.k.i.DiagnosticsManager]     neo4j.key: 2016-11-30T15:04:36+0100 - 1,66 kB
2016-11-30 14:04:36.194+0000 INFO  [o.n.k.i.DiagnosticsManager]   - Total: 2016-11-30T15:04:36+0100 - 2,62 kB
2016-11-30 14:04:36.194+0000 INFO  [o.n.k.i.DiagnosticsManager]   index:
2016-11-30 14:04:36.194+0000 INFO  [o.n.k.i.DiagnosticsManager]   - Total: 2016-11-30T15:04:36+0100 - 0,00 B
2016-11-30 14:04:36.194+0000 INFO  [o.n.k.i.DiagnosticsManager]   logs:
2016-11-30 14:04:36.194+0000 INFO  [o.n.k.i.DiagnosticsManager]     debug.log: 2016-11-30T15:04:36+0100 - 25,47 kB
2016-11-30 14:04:36.194+0000 INFO  [o.n.k.i.DiagnosticsManager]   - Total: 2016-11-30T15:04:35+0100 - 25,47 kB
2016-11-30 14:04:36.194+0000 INFO  [o.n.k.i.DiagnosticsManager]   neostore: 2016-11-30T15:04:36+0100 - 8,00 kB
2016-11-30 14:04:36.194+0000 INFO  [o.n.k.i.DiagnosticsManager]   neostore.counts.db.a: 2016-11-30T15:04:36+0100 - 96,00 B
2016-11-30 14:04:36.194+0000 INFO  [o.n.k.i.DiagnosticsManager]   neostore.id: 2016-11-30T15:04:36+0100 - 9,00 B
2016-11-30 14:04:36.195+0000 INFO  [o.n.k.i.DiagnosticsManager]   neostore.labeltokenstore.db: 2016-11-30T15:04:36+0100 - 0,00 B
2016-11-30 14:04:36.195+0000 INFO  [o.n.k.i.DiagnosticsManager]   neostore.labeltokenstore.db.id: 2016-11-30T15:04:36+0100 - 9,00 B
2016-11-30 14:04:36.195+0000 INFO  [o.n.k.i.DiagnosticsManager]   neostore.labeltokenstore.db.names: 2016-11-30T15:04:36+0100 - 8,00 kB
2016-11-30 14:04:36.195+0000 INFO  [o.n.k.i.DiagnosticsManager]   neostore.labeltokenstore.db.names.id: 2016-11-30T15:04:36+0100 - 9,00 B
2016-11-30 14:04:36.195+0000 INFO  [o.n.k.i.DiagnosticsManager]   neostore.nodestore.db: 2016-11-30T15:04:36+0100 - 0,00 B
2016-11-30 14:04:36.195+0000 INFO  [o.n.k.i.DiagnosticsManager]   neostore.nodestore.db.id: 2016-11-30T15:04:36+0100 - 9,00 B
2016-11-30 14:04:36.195+0000 INFO  [o.n.k.i.DiagnosticsManager]   neostore.nodestore.db.labels: 2016-11-30T15:04:36+0100 - 8,00 kB
2016-11-30 14:04:36.195+0000 INFO  [o.n.k.i.DiagnosticsManager]   neostore.nodestore.db.labels.id: 2016-11-30T15:04:36+0100 - 9,00 B
2016-11-30 14:04:36.195+0000 INFO  [o.n.k.i.DiagnosticsManager]   neostore.propertystore.db: 2016-11-30T15:04:36+0100 - 0,00 B
2016-11-30 14:04:36.195+0000 INFO  [o.n.k.i.DiagnosticsManager]   neostore.propertystore.db.arrays: 2016-11-30T15:04:36+0100 - 8,00 kB
2016-11-30 14:04:36.195+0000 INFO  [o.n.k.i.DiagnosticsManager]   neostore.propertystore.db.arrays.id: 2016-11-30T15:04:36+0100 - 9,00 B
2016-11-30 14:04:36.196+0000 INFO  [o.n.k.i.DiagnosticsManager]   neostore.propertystore.db.id: 2016-11-30T15:04:36+0100 - 9,00 B
2016-11-30 14:04:36.196+0000 INFO  [o.n.k.i.DiagnosticsManager]   neostore.propertystore.db.index: 2016-11-30T15:04:36+0100 - 0,00 B
2016-11-30 14:04:36.196+0000 INFO  [o.n.k.i.DiagnosticsManager]   neostore.propertystore.db.index.id: 2016-11-30T15:04:36+0100 - 9,00 B
2016-11-30 14:04:36.196+0000 INFO  [o.n.k.i.DiagnosticsManager]   neostore.propertystore.db.index.keys: 2016-11-30T15:04:36+0100 - 8,00 kB
2016-11-30 14:04:36.196+0000 INFO  [o.n.k.i.DiagnosticsManager]   neostore.propertystore.db.index.keys.id: 2016-11-30T15:04:36+0100 - 9,00 B
2016-11-30 14:04:36.196+0000 INFO  [o.n.k.i.DiagnosticsManager]   neostore.propertystore.db.strings: 2016-11-30T15:04:36+0100 - 8,00 kB
2016-11-30 14:04:36.196+0000 INFO  [o.n.k.i.DiagnosticsManager]   neostore.propertystore.db.strings.id: 2016-11-30T15:04:36+0100 - 9,00 B
2016-11-30 14:04:36.196+0000 INFO  [o.n.k.i.DiagnosticsManager]   neostore.relationshipgroupstore.db: 2016-11-30T15:04:36+0100 - 8,00 kB
2016-11-30 14:04:36.196+0000 INFO  [o.n.k.i.DiagnosticsManager]   neostore.relationshipgroupstore.db.id: 2016-11-30T15:04:36+0100 - 9,00 B
2016-11-30 14:04:36.196+0000 INFO  [o.n.k.i.DiagnosticsManager]   neostore.relationshipstore.db: 2016-11-30T15:04:36+0100 - 0,00 B
2016-11-30 14:04:36.196+0000 INFO  [o.n.k.i.DiagnosticsManager]   neostore.relationshipstore.db.id: 2016-11-30T15:04:36+0100 - 9,00 B
2016-11-30 14:04:36.197+0000 INFO  [o.n.k.i.DiagnosticsManager]   neostore.relationshiptypestore.db: 2016-11-30T15:04:36+0100 - 0,00 B
2016-11-30 14:04:36.197+0000 INFO  [o.n.k.i.DiagnosticsManager]   neostore.relationshiptypestore.db.id: 2016-11-30T15:04:36+0100 - 9,00 B
2016-11-30 14:04:36.197+0000 INFO  [o.n.k.i.DiagnosticsManager]   neostore.relationshiptypestore.db.names: 2016-11-30T15:04:36+0100 - 8,00 kB
2016-11-30 14:04:36.197+0000 INFO  [o.n.k.i.DiagnosticsManager]   neostore.relationshiptypestore.db.names.id: 2016-11-30T15:04:36+0100 - 9,00 B
2016-11-30 14:04:36.197+0000 INFO  [o.n.k.i.DiagnosticsManager]   neostore.schemastore.db: 2016-11-30T15:04:36+0100 - 8,00 kB
2016-11-30 14:04:36.197+0000 INFO  [o.n.k.i.DiagnosticsManager]   neostore.schemastore.db.id: 2016-11-30T15:04:36+0100 - 9,00 B
2016-11-30 14:04:36.197+0000 INFO  [o.n.k.i.DiagnosticsManager]   neostore.transaction.db.0: 2016-11-30T15:04:36+0100 - 16,00 B
2016-11-30 14:04:36.197+0000 INFO  [o.n.k.i.DiagnosticsManager]   schema:
2016-11-30 14:04:36.197+0000 INFO  [o.n.k.i.DiagnosticsManager]     label:
2016-11-30 14:04:36.197+0000 INFO  [o.n.k.i.DiagnosticsManager]       lucene:
2016-11-30 14:04:36.198+0000 INFO  [o.n.k.i.DiagnosticsManager]         labelStore:
2016-11-30 14:04:36.198+0000 INFO  [o.n.k.i.DiagnosticsManager]           1:
2016-11-30 14:04:36.198+0000 INFO  [o.n.k.i.DiagnosticsManager]             write.lock: 2016-11-30T15:04:36+0100 - 0,00 B
2016-11-30 14:04:36.198+0000 INFO  [o.n.k.i.DiagnosticsManager]           - Total: 2016-11-30T15:04:36+0100 - 0,00 B
2016-11-30 14:04:36.198+0000 INFO  [o.n.k.i.DiagnosticsManager]           failure-message: 2016-11-30T15:04:36+0100 - 16,00 kB
2016-11-30 14:04:36.198+0000 INFO  [o.n.k.i.DiagnosticsManager]         - Total: 2016-11-30T15:04:36+0100 - 16,00 kB
2016-11-30 14:04:36.198+0000 INFO  [o.n.k.i.DiagnosticsManager]       - Total: 2016-11-30T15:04:36+0100 - 16,00 kB
2016-11-30 14:04:36.198+0000 INFO  [o.n.k.i.DiagnosticsManager]     - Total: 2016-11-30T15:04:36+0100 - 16,00 kB
2016-11-30 14:04:36.198+0000 INFO  [o.n.k.i.DiagnosticsManager]   - Total: 2016-11-30T15:04:36+0100 - 16,00 kB
2016-11-30 14:04:36.198+0000 INFO  [o.n.k.i.DiagnosticsManager]   store_lock: 2016-11-30T15:04:36+0100 - 0,00 B
2016-11-30 14:04:36.198+0000 INFO  [o.n.k.i.DiagnosticsManager] --- STARTED diagnostics for KernelDiagnostics:StoreFiles END ---
2016-11-30 14:05:44.286+0000 WARN  [o.n.k.i.c.MonitorGc] GC Monitor: Application threads blocked for 966ms.
